0 info it worked if it ends with ok
1 verbose cli [ '/home/idrobotov/.nvm/versions/node/v6.10.0/bin/node',
1 verbose cli   '/home/idrobotov/.nvm/versions/node/v6.10.0/bin/npm',
1 verbose cli   'version',
1 verbose cli   'minor' ]
2 info using npm@3.10.10
3 info using node@v6.10.0
4 info git [ 'status', '--porcelain' ]
5 verbose stack Error: Git working directory not clean.
5 verbose stack M Makefile
5 verbose stack M src/bin/brain-calc.js
5 verbose stack M src/bin/brain-even.js
5 verbose stack D src/calc.js
5 verbose stack D src/even.js
5 verbose stack     at /home/idrobotov/.nvm/versions/node/v6.10.0/lib/node_modules/npm/lib/version.js:247:19
5 verbose stack     at /home/idrobotov/.nvm/versions/node/v6.10.0/lib/node_modules/npm/lib/utils/no-progress-while-running.js:21:8
5 verbose stack     at ChildProcess.exithandler (child_process.js:197:7)
5 verbose stack     at emitTwo (events.js:106:13)
5 verbose stack     at ChildProcess.emit (events.js:191:7)
5 verbose stack     at maybeClose (internal/child_process.js:877:16)
5 verbose stack     at Socket.<anonymous> (internal/child_process.js:334:11)
5 verbose stack     at emitOne (events.js:96:13)
5 verbose stack     at Socket.emit (events.js:188:7)
5 verbose stack     at Pipe._handle.close [as _onclose] (net.js:498:12)
6 verbose cwd /home/idrobotov/www/project-lvl1-s216
7 error Linux 4.10.0-42-generic
8 error argv "/home/idrobotov/.nvm/versions/node/v6.10.0/bin/node" "/home/idrobotov/.nvm/versions/node/v6.10.0/bin/npm" "version" "minor"
9 error node v6.10.0
10 error npm  v3.10.10
11 error Git working directory not clean.
11 error M Makefile
11 error M src/bin/brain-calc.js
11 error M src/bin/brain-even.js
11 error D src/calc.js
11 error D src/even.js
12 error If you need help, you may report this error at:
12 error     <https://github.com/npm/npm/issues>
13 verbose exit [ 1, true ]
